<?xml version="1.0" encoding="UTF-8"?>
<!-- Generated by org.testng.reporters.JUnitXMLReporter -->
<testsuite ignored="0" hostname="durga" failures="1" tests="1" name="Surefire test" time="0.082" errors="0" timestamp="2025-05-10T10:48:51 IST">
  <testcase classname="com.seleniumGrid.Parallel_Test" name="crossBrowser_Test" time="0.0">
    <failure type="org.testng.TestNGException" message="
Parameter &amp;apos;bname&amp;apos; is required by @Test on method crossBrowser_Test but has not been marked @Optional or defined
">
      <![CDATA[org.testng.TestNGException: 
Parameter 'bname' is required by @Test on method crossBrowser_Test but has not been marked @Optional or defined

at java.base/java.util.ArrayList.forEach(ArrayList.java:1596)
... Removed 31 stack frames]]>
    </failure>
  </testcase> <!-- crossBrowser_Test -->
</testsuite> <!-- Surefire test -->
